<?xml version="1.0" encoding="UTF-8"?>
<testng-results ignored="0" total="2" passed="2" failed="0" skipped="0">
  <reporter-output>
  </reporter-output>
  <suite started-at="2024-07-05T14:24:05 IST" name="Surefire suite" finished-at="2024-07-05T14:25:57 IST" duration-ms="111298">
    <groups>
    </groups>
    <test started-at="2024-07-05T14:24:05 IST" name="Surefire test" finished-at="2024-07-05T14:25:57 IST" duration-ms="111298">
      <class name="test.LoginTest">
        <test-method is-config="true" signature="setUp()[pri:0, instance:test.LoginTest@c540f5a]" started-at="2024-07-05T14:24:05 IST" name="setUp" finished-at="2024-07-05T14:24:08 IST" duration-ms="3010" status="PASS">
          <reporter-output>
          </reporter-output>
        </test-method> <!-- setUp -->
        <test-method signature="testSearch()[pri:0, instance:test.LoginTest@c540f5a]" started-at="2024-07-05T14:24:09 IST" name="testSearch" finished-at="2024-07-05T14:25:51 IST" duration-ms="102050" status="PASS">
          <reporter-output>
          </reporter-output>
        </test-method> <!-- testSearch -->
        <test-method is-config="true" signature="tearDown()[pri:0, instance:test.LoginTest@c540f5a]" started-at="2024-07-05T14:25:51 IST" name="tearDown" finished-at="2024-07-05T14:25:51 IST" duration-ms="311" status="PASS">
          <reporter-output>
          </reporter-output>
        </test-method> <!-- tearDown -->
      </class> <!-- test.LoginTest -->
      <class name="test.QuestionnarieTest">
        <test-method is-config="true" signature="setUp()[pri:0, instance:test.QuestionnarieTest@44a664f2]" started-at="2024-07-05T14:25:51 IST" name="setUp" finished-at="2024-07-05T14:25:53 IST" duration-ms="2395" status="PASS">
          <reporter-output>
          </reporter-output>
        </test-method> <!-- setUp -->
        <test-method signature="testSearch()[pri:0, instance:test.QuestionnarieTest@44a664f2]" started-at="2024-07-05T14:25:53 IST" name="testSearch" finished-at="2024-07-05T14:25:56 IST" duration-ms="3217" status="PASS">
          <reporter-output>
          </reporter-output>
        </test-method> <!-- testSearch -->
        <test-method is-config="true" signature="tearDown()[pri:0, instance:test.QuestionnarieTest@44a664f2]" started-at="2024-07-05T14:25:56 IST" name="tearDown" finished-at="2024-07-05T14:25:57 IST" duration-ms="287" status="PASS">
          <reporter-output>
          </reporter-output>
        </test-method> <!-- tearDown -->
      </class> <!-- test.QuestionnarieTest -->
    </test> <!-- Surefire test -->
  </suite> <!-- Surefire suite -->
</testng-results>
