<?xml version="1.0" encoding="UTF-8"?>
<!-- Generated by org.testng.reporters.JUnitXMLReporter -->
<testsuite ignored="0" hostname="Sumants-MBP-2" failures="0" tests="3" name="Surefire test" time="9.225" errors="0" timestamp="2024-07-08T11:30:30 IST">
  <testcase classname="test.LoginTest" name="loginTest" time="0.473"/>
  <testcase classname="test.LoginTest" name="loginTest" time="0.169"/>
  <testcase classname="test.QuestionnarieTest" name="selectRandomRadioButton" time="1.761"/>
</testsuite> <!-- Surefire test -->
