<?xml version="1.0" encoding="UTF-8"?>
<testng-results ignored="0" total="3" passed="3" failed="0" skipped="0">
  <reporter-output>
  </reporter-output>
  <suite started-at="2024-07-08T11:30:20 IST" name="Surefire suite" finished-at="2024-07-08T11:30:30 IST" duration-ms="9225">
    <groups>
    </groups>
    <test started-at="2024-07-08T11:30:20 IST" name="Surefire test" finished-at="2024-07-08T11:30:30 IST" duration-ms="9225">
      <class name="test.LoginTest">
        <test-method is-config="true" signature="setUp()[pri:0, instance:test.LoginTest@2890c451]" started-at="2024-07-08T11:30:20 IST" name="setUp" finished-at="2024-07-08T11:30:25 IST" duration-ms="4115" status="PASS">
          <reporter-output>
          </reporter-output>
        </test-method> <!-- setUp -->
        <test-method signature="loginTest(java.lang.String,java.lang.String,java.lang.String)[pri:0, instance:test.LoginTest@2890c451]" started-at="2024-07-08T11:30:25 IST" name="loginTest" data-provider="loginData" finished-at="2024-07-08T11:30:25 IST" duration-ms="473" status="PASS">
          <params>
            <param index="0">
              <value>
                <![CDATA[xxx]]>
              </value>
            </param>
            <param index="1">
              <value>
                <![CDATA[yyy]]>
              </value>
            </param>
            <param index="2">
              <value>
                <![CDATA[successful login]]>
              </value>
            </param>
          </params>
          <reporter-output>
          </reporter-output>
        </test-method> <!-- loginTest -->
        <test-method signature="loginTest(java.lang.String,java.lang.String,java.lang.String)[pri:0, instance:test.LoginTest@2890c451]" started-at="2024-07-08T11:30:25 IST" name="loginTest" data-provider="loginData" finished-at="2024-07-08T11:30:25 IST" duration-ms="169" status="PASS">
          <params>
            <param index="0">
              <value>
                <![CDATA[yyy]]>
              </value>
            </param>
            <param index="1">
              <value>
                <![CDATA[yyy]]>
              </value>
            </param>
            <param index="2">
              <value>
                <![CDATA[invalid email]]>
              </value>
            </param>
          </params>
          <reporter-output>
          </reporter-output>
        </test-method> <!-- loginTest -->
        <test-method is-config="true" signature="tearDown()[pri:0, instance:test.LoginTest@2890c451]" started-at="2024-07-08T11:30:25 IST" name="tearDown" finished-at="2024-07-08T11:30:25 IST" duration-ms="221" status="PASS">
          <reporter-output>
          </reporter-output>
        </test-method> <!-- tearDown -->
      </class> <!-- test.LoginTest -->
      <class name="test.QuestionnarieTest">
        <test-method is-config="true" signature="setUp()[pri:0, instance:test.QuestionnarieTest@75c072cb]" started-at="2024-07-08T11:30:25 IST" name="setUp" finished-at="2024-07-08T11:30:28 IST" duration-ms="2249" status="PASS">
          <reporter-output>
          </reporter-output>
        </test-method> <!-- setUp -->
        <test-method signature="selectRandomRadioButton()[pri:0, instance:test.QuestionnarieTest@75c072cb]" started-at="2024-07-08T11:30:28 IST" name="selectRandomRadioButton" finished-at="2024-07-08T11:30:29 IST" duration-ms="1761" status="PASS">
          <reporter-output>
          </reporter-output>
        </test-method> <!-- selectRandomRadioButton -->
        <test-method is-config="true" signature="tearDown()[pri:0, instance:test.QuestionnarieTest@75c072cb]" started-at="2024-07-08T11:30:29 IST" name="tearDown" finished-at="2024-07-08T11:30:30 IST" duration-ms="187" status="PASS">
          <reporter-output>
          </reporter-output>
        </test-method> <!-- tearDown -->
      </class> <!-- test.QuestionnarieTest -->
    </test> <!-- Surefire test -->
  </suite> <!-- Surefire suite -->
</testng-results>
